c:\temp\test\crossbridge_9\crossbridge\debug\crossbridge.pch
c:\temp\test\crossbridge_9\crossbridge\debug\vc141.pdb
c:\temp\test\crossbridge_9\crossbridge\debug\vc141.idb
c:\temp\test\crossbridge_9\crossbridge\debug\stdafx.obj
c:\temp\test\crossbridge_9\crossbridge\debug\crossbridge.obj
c:\temp\test\crossbridge_9\crossbridge\debug\crossbridge1.obj
c:\temp\test\crossbridge_9\crossbridge\debug\crossbridge2.obj
c:\temp\test\crossbridge_9\crossbridge\debug\crossbridge3.obj
c:\temp\test\crossbridge_9\crossbridge\debug\crossbridge4.obj
c:\temp\test\crossbridge_9\crossbridge\debug\crossbridgebase.obj
c:\temp\test\crossbridge_9\crossbridge\debug\crossbridgen.obj
c:\temp\test\crossbridge_9\crossbridge\debug\crossbridgen2.obj
c:\temp\test\crossbridge_9\crossbridge\debug\solvepuzzle.obj
c:\temp\test\crossbridge_9\debug\crossbridge.ilk
c:\temp\test\crossbridge_9\debug\crossbridge.exe
c:\temp\test\crossbridge_9\debug\crossbridge.pdb
c:\temp\test\crossbridge_9\crossbridge\debug\crossbridge.tlog\cl.command.1.tlog
c:\temp\test\crossbridge_9\crossbridge\debug\crossbridge.tlog\cl.read.1.tlog
c:\temp\test\crossbridge_9\crossbridge\debug\crossbridge.tlog\cl.write.1.tlog
c:\temp\test\crossbridge_9\crossbridge\debug\crossbridge.tlog\link.command.1.tlog
c:\temp\test\crossbridge_9\crossbridge\debug\crossbridge.tlog\link.read.1.tlog
c:\temp\test\crossbridge_9\crossbridge\debug\crossbridge.tlog\link.write.1.tlog
